WYCJ1/app/build/outputs/logs/manifest-merger-debug-report.txt
-- Merging decision tree log ---
manifest
ADDED from src\main\AndroidManifest.xml:2:1-154:12
INJECTED from src\main\AndroidManifest.xml:2:1-154:12
INJECTED from src\main\AndroidManifest.xml:2:1-154:12
INJECTED from src\main\AndroidManifest.xml:2:1-154:12
INJECTED from src\main\AndroidManifest.xml:2:1-154:12
INJECTED from src\main\AndroidManifest.xml:2:1-154:12
INJECTED from src\main\AndroidManifest.xml:2:1-154:12
	package
		ADDED from src\main\AndroidManifest.xml:3:5-29
		INJECTED from src\main\AndroidManifest.xml
		INJECTED from src\main\AndroidManifest.xml
	android:versionName
		ADDED from src\main\AndroidManifest.xml:5:5-30
		INJECTED from src\main\AndroidManifest.xml
		INJECTED from src\main\AndroidManifest.xml
	xmlns:android
		ADDED from src\main\AndroidManifest.xml:2:11-69
	android:versionCode
		ADDED from src\main\AndroidManifest.xml:4:5-28
		INJECTED from src\main\AndroidManifest.xml
		INJECTED from src\main\AndroidManifest.xml
uses-sdk
ADDED from src\main\AndroidManifest.xml:7:5-9:41
INJECTED from src\main\AndroidManifest.xml:7:5-9:41
INJECTED from src\main\AndroidManifest.xml:7:5-9:41
INJECTED from src\main\AndroidManifest.xml:7:5-9:41
INJECTED from src\main\AndroidManifest.xml:7:5-9:41
	android:targetSdkVersion
		ADDED from src\main\AndroidManifest.xml:9:9-38
		INJECTED from src\main\AndroidManifest.xml
		INJECTED from src\main\AndroidManifest.xml
	android:minSdkVersion
		ADDED from src\main\AndroidManifest.xml:8:9-35
		INJECTED from src\main\AndroidManifest.xml
		INJECTED from src\main\AndroidManifest.xml
uses-permission#android.permission.ACCESS_FINE_LOCATION
ADDED from src\main\AndroidManifest.xml:11:5-79
	android:name
		ADDED from src\main\AndroidManifest.xml:11:22-76
uses-permission#android.permission.WRITE_EXTERNAL_STORAGE
ADDED from src\main\AndroidManifest.xml:12:5-81
	android:name
		ADDED from src\main\AndroidManifest.xml:12:22-78
application
ADDED from src\main\AndroidManifest.xml:14:5-152:19
	android:label
		ADDED from src\main\AndroidManifest.xml:18:9-41
	android:icon
		ADDED from src\main\AndroidManifest.xml:17:9-38
	android:allowBackup
		ADDED from src\main\AndroidManifest.xml:16:9-35
	android:theme
		ADDED from src\main\AndroidManifest.xml:19:9-40
	android:name
		ADDED from src\main\AndroidManifest.xml:15:9-27
activity#com.golic.wycj.activity.SplashActivity
ADDED from src\main\AndroidManifest.xml:20:9-30:20
	android:screenOrientation
		ADDED from src\main\AndroidManifest.xml:23:13-49
	android:windowSoftInputMode
		ADDED from src\main\AndroidManifest.xml:24:13-70
	android:configChanges
		ADDED from src\main\AndroidManifest.xml:22:13-74
	android:name
		ADDED from src\main\AndroidManifest.xml:21:13-52
intent-filter#android.intent.action.MAIN+android.intent.category.LAUNCHER
ADDED from src\main\AndroidManifest.xml:25:13-29:29
action#android.intent.action.MAIN
ADDED from src\main\AndroidManifest.xml:26:17-69
	android:name
		ADDED from src\main\AndroidManifest.xml:26:25-66
category#android.intent.category.LAUNCHER
ADDED from src\main\AndroidManifest.xml:28:17-77
	android:name
		ADDED from src\main\AndroidManifest.xml:28:27-74
activity#com.golic.wycj.activity.BuildingActivity
ADDED from src\main\AndroidManifest.xml:31:9-35:73
	android:screenOrientation
		ADDED from src\main\AndroidManifest.xml:34:13-49
	android:windowSoftInputMode
		ADDED from src\main\AndroidManifest.xml:35:13-70
	android:configChanges
		ADDED from src\main\AndroidManifest.xml:33:13-74
	android:name
		ADDED from src\main\AndroidManifest.xml:32:13-54
activity#com.golic.wycj.activity.CsActivity
ADDED from src\main\AndroidManifest.xml:36:9-40:73
	android:screenOrientation
		ADDED from src\main\AndroidManifest.xml:39:13-49
	android:windowSoftInputMode
		ADDED from src\main\AndroidManifest.xml:40:13-70
	android:configChanges
		ADDED from src\main\AndroidManifest.xml:38:13-74
	android:name
		ADDED from src\main\AndroidManifest.xml:37:13-48
activity#com.golic.wycj.activity.DataAnalyseActivity
ADDED from src\main\AndroidManifest.xml:41:9-45:73
	android:screenOrientation
		ADDED from src\main\AndroidManifest.xml:44:13-49
	android:windowSoftInputMode
		ADDED from src\main\AndroidManifest.xml:45:13-70
	android:configChanges
		ADDED from src\main\AndroidManifest.xml:43:13-74
	android:name
		ADDED from src\main\AndroidManifest.xml:42:13-57
activity#com.golic.wycj.activity.DataExportActivity
ADDED from src\main\AndroidManifest.xml:46:9-50:73
	android:screenOrientation
		ADDED from src\main\AndroidManifest.xml:49:13-49
	android:windowSoftInputMode
		ADDED from src\main\AndroidManifest.xml:50:13-70
	android:configChanges
		ADDED from src\main\AndroidManifest.xml:48:13-74
	android:name
		ADDED from src\main\AndroidManifest.xml:47:13-56
activity#com.golic.wycj.activity.FormBaseActivity
ADDED from src\main\AndroidManifest.xml:51:9-55:73
	android:screenOrientation
		ADDED from src\main\AndroidManifest.xml:54:13-49
	android:windowSoftInputMode
		ADDED from src\main\AndroidManifest.xml:55:13-70
	android:configChanges
		ADDED from src\main\AndroidManifest.xml:53:13-74
	android:name
		ADDED from src\main\AndroidManifest.xml:52:13-54
activity#com.golic.wycj.activity.GgsjListActivity
ADDED from src\main\AndroidManifest.xml:56:9-60:73
	android:screenOrientation
		ADDED from src\main\AndroidManifest.xml:59:13-49
	android:windowSoftInputMode
		ADDED from src\main\AndroidManifest.xml:60:13-70
	android:configChanges
		ADDED from src\main\AndroidManifest.xml:58:13-74
	android:name
		ADDED from src\main\AndroidManifest.xml:57:13-54
activity#com.golic.wycj.activity.GgssActivity
ADDED from src\main\AndroidManifest.xml:61:9-65:73
	android:screenOrientation
		ADDED from src\main\AndroidManifest.xml:64:13-49
	android:windowSoftInputMode
		ADDED from src\main\AndroidManifest.xml:65:13-70
	android:configChanges
		ADDED from src\main\AndroidManifest.xml:63:13-74
	android:name
		ADDED from src\main\AndroidManifest.xml:62:13-50
activity#com.golic.wycj.activity.JtssActivity
ADDED from src\main\AndroidManifest.xml:66:9-70:73
	android:screenOrientation
		ADDED from src\main\AndroidManifest.xml:69:13-49
	android:windowSoftInputMode
		ADDED from src\main\AndroidManifest.xml:70:13-70
	android:configChanges
		ADDED from src\main\AndroidManifest.xml:68:13-74
	android:name
		ADDED from src\main\AndroidManifest.xml:67:13-50
activity#com.golic.wycj.activity.LoginActivity
ADDED from src\main\AndroidManifest.xml:71:9-75:73
	android:screenOrientation
		ADDED from src\main\AndroidManifest.xml:74:13-49
	android:windowSoftInputMode
		ADDED from src\main\AndroidManifest.xml:75:13-70
	android:configChanges
		ADDED from src\main\AndroidManifest.xml:73:13-74
	android:name
		ADDED from src\main\AndroidManifest.xml:72:13-51
activity#com.golic.wycj.activity.MapActivity
ADDED from src\main\AndroidManifest.xml:76:9-81:73
	android:screenOrientation
		ADDED from src\main\AndroidManifest.xml:80:13-49
	android:launchMode
		ADDED from src\main\AndroidManifest.xml:79:13-44
	android:windowSoftInputMode
		ADDED from src\main\AndroidManifest.xml:81:13-70
	android:configChanges
		ADDED from src\main\AndroidManifest.xml:78:13-74
	android:name
		ADDED from src\main\AndroidManifest.xml:77:13-49
activity#com.golic.wycj.activity.YwzyNameMatchingErrorActivity
ADDED from src\main\AndroidManifest.xml:82:9-86:73
	android:screenOrientation
		ADDED from src\main\AndroidManifest.xml:85:13-49
	android:windowSoftInputMode
		ADDED from src\main\AndroidManifest.xml:86:13-70
	android:configChanges
		ADDED from src\main\AndroidManifest.xml:84:13-74
	android:name
		ADDED from src\main\AndroidManifest.xml:83:13-67
activity#com.golic.wycj.activity.NameMatchingErrorListActivity
ADDED from src\main\AndroidManifest.xml:87:9-91:73
	android:screenOrientation
		ADDED from src\main\AndroidManifest.xml:90:13-49
	android:windowSoftInputMode
		ADDED from src\main\AndroidManifest.xml:91:13-70
	android:configChanges
		ADDED from src\main\AndroidManifest.xml:89:13-74
	android:name
		ADDED from src\main\AndroidManifest.xml:88:13-67
activity#com.golic.wycj.activity.NonMphBuildingActivity
ADDED from src\main\AndroidManifest.xml:92:9-96:73
	android:screenOrientation
		ADDED from src\main\AndroidManifest.xml:95:13-49
	android:windowSoftInputMode
		ADDED from src\main\AndroidManifest.xml:96:13-70
	android:configChanges
		ADDED from src\main\AndroidManifest.xml:94:13-74
	android:name
		ADDED from src\main\AndroidManifest.xml:93:13-60
activity#com.golic.wycj.activity.QsydwActivity
ADDED from src\main\AndroidManifest.xml:97:9-101:73
	android:screenOrientation
		ADDED from src\main\AndroidManifest.xml:100:13-49
	android:windowSoftInputMode
		ADDED from src\main\AndroidManifest.xml:101:13-70
	android:configChanges
		ADDED from src\main\AndroidManifest.xml:99:13-74
	android:name
		ADDED from src\main\AndroidManifest.xml:98:13-51
activity#com.golic.wycj.activity.QtdwActivity
ADDED from src\main\AndroidManifest.xml:102:9-106:73
	android:screenOrientation
		ADDED from src\main\AndroidManifest.xml:105:13-49
	android:windowSoftInputMode
		ADDED from src\main\AndroidManifest.xml:106:13-70
	android:configChanges
		ADDED from src\main\AndroidManifest.xml:104:13-74
	android:name
		ADDED from src\main\AndroidManifest.xml:103:13-50
activity#com.golic.wycj.activity.QtjtxxActivity
ADDED from src\main\AndroidManifest.xml:107:9-111:73
	android:screenOrientation
		ADDED from src\main\AndroidManifest.xml:110:13-49
	android:windowSoftInputMode
		ADDED from src\main\AndroidManifest.xml:111:13-70
	android:configChanges
		ADDED from src\main\AndroidManifest.xml:109:13-74
	android:name
		ADDED from src\main\AndroidManifest.xml:108:13-52
activity#com.golic.wycj.activity.WorkSearchActivity
ADDED from src\main\AndroidManifest.xml:112:9-116:73
	android:screenOrientation
		ADDED from src\main\AndroidManifest.xml:115:13-49
	android:windowSoftInputMode
		ADDED from src\main\AndroidManifest.xml:116:13-70
	android:configChanges
		ADDED from src\main\AndroidManifest.xml:114:13-74
	android:name
		ADDED from src\main\AndroidManifest.xml:113:13-56
activity#com.golic.wycj.activity.YwzyListActivity
ADDED from src\main\AndroidManifest.xml:117:9-121:73
	android:screenOrientation
		ADDED from src\main\AndroidManifest.xml:120:13-49
	android:windowSoftInputMode
		ADDED from src\main\AndroidManifest.xml:121:13-70
	android:configChanges
		ADDED from src\main\AndroidManifest.xml:119:13-74
	android:name
		ADDED from src\main\AndroidManifest.xml:118:13-54
activity#com.golic.wycj.activity.ZhjgActivity
ADDED from src\main\AndroidManifest.xml:122:9-126:73
	android:screenOrientation
		ADDED from src\main\AndroidManifest.xml:125:13-49
	android:windowSoftInputMode
		ADDED from src\main\AndroidManifest.xml:126:13-70
	android:configChanges
		ADDED from src\main\AndroidManifest.xml:124:13-74
	android:name
		ADDED from src\main\AndroidManifest.xml:123:13-50
activity#com.golic.wycj.activity.ZzListActivity
ADDED from src\main\AndroidManifest.xml:127:9-131:73
	android:screenOrientation
		ADDED from src\main\AndroidManifest.xml:130:13-49
	android:windowSoftInputMode
		ADDED from src\main\AndroidManifest.xml:131:13-70
	android:configChanges
		ADDED from src\main\AndroidManifest.xml:129:13-74
	android:name
		ADDED from src\main\AndroidManifest.xml:128:13-52
activity#com.golic.wycj.activity.UserManagerActivity
ADDED from src\main\AndroidManifest.xml:132:9-136:73
	android:screenOrientation
		ADDED from src\main\AndroidManifest.xml:135:13-49
	android:windowSoftInputMode
		ADDED from src\main\AndroidManifest.xml:136:13-70
	android:configChanges
		ADDED from src\main\AndroidManifest.xml:134:13-74
	android:name
		ADDED from src\main\AndroidManifest.xml:133:13-57
activity#com.golic.wycj.activity.DataDeleteActivity
ADDED from src\main\AndroidManifest.xml:137:9-141:73
	android:screenOrientation
		ADDED from src\main\AndroidManifest.xml:140:13-49
	android:windowSoftInputMode
		ADDED from src\main\AndroidManifest.xml:141:13-70
	android:configChanges
		ADDED from src\main\AndroidManifest.xml:139:13-74
	android:name
		ADDED from src\main\AndroidManifest.xml:138:13-56
activity#com.golic.wycj.activity.DataImportActivity
ADDED from src\main\AndroidManifest.xml:142:9-146:73
	android:screenOrientation
		ADDED from src\main\AndroidManifest.xml:145:13-49
	android:windowSoftInputMode
		ADDED from src\main\AndroidManifest.xml:146:13-70
	android:configChanges
		ADDED from src\main\AndroidManifest.xml:144:13-74
	android:name
		ADDED from src\main\AndroidManifest.xml:143:13-56
activity#com.golic.wycj.activity.TakePhotoActivity
ADDED from src\main\AndroidManifest.xml:147:9-151:73
	android:screenOrientation
		ADDED from src\main\AndroidManifest.xml:150:13-49
	android:windowSoftInputMode
		ADDED from src\main\AndroidManifest.xml:151:13-70
	android:configChanges
		ADDED from src\main\AndroidManifest.xml:149:13-74
	android:name
		ADDED from src\main\AndroidManifest.xml:148:13-55